{"contracts/EventManagement.sol":{"l":{"134":3,"135":3,"136":3,"137":3,"152":27,"162":15,"168":9,"170":9,"171":9,"172":9,"173":9,"175":9,"176":14,"182":8,"193":3,"210":7,"211":7,"216":1,"217":1,"222":15,"223":15,"225":15,"231":9,"235":9,"236":9,"237":18,"239":9,"243":5,"244":5,"245":5,"246":5,"247":5,"248":5,"249":0,"250":0,"251":0,"253":5,"254":5,"255":5,"257":5,"258":5,"259":5,"263":5,"264":10,"265":10,"270":5,"271":3,"275":2,"276":2,"277":2,"283":0,"284":0,"285":0,"289":7,"290":7,"291":7,"297":1,"298":1,"299":2,"301":1,"302":1,"303":1,"307":7,"308":7,"309":7,"310":7,"311":7,"314":5,"315":6,"316":4,"319":2,"320":2,"321":2,"322":2,"323":2,"326":2,"328":1,"329":1,"333":10,"334":10,"337":8,"339":6,"346":0,"347":0,"355":0,"359":0,"360":0,"361":0,"362":0,"369":0,"370":0,"371":0,"375":0,"376":0,"377":0,"379":0,"389":0,"390":0,"391":0,"392":0,"393":0,"398":9,"399":9,"415":4},"path":"/Users/raghukapur/private-projects/EventManagementSystem/contracts/EventManagement.sol","s":{"1":3,"2":3,"3":3,"4":3,"5":27,"6":15,"7":9,"8":9,"9":9,"10":9,"11":9,"12":9,"13":14,"14":8,"15":3,"16":7,"17":7,"18":1,"19":1,"20":15,"21":15,"22":15,"23":9,"24":9,"25":9,"26":18,"27":9,"28":5,"29":5,"30":5,"31":5,"32":5,"33":5,"34":0,"35":0,"36":0,"37":5,"38":5,"39":5,"40":5,"41":5,"42":5,"43":10,"44":10,"45":5,"46":3,"47":2,"48":2,"49":2,"50":0,"51":0,"52":0,"53":7,"54":7,"55":7,"56":1,"57":1,"58":2,"59":1,"60":1,"61":1,"62":7,"63":7,"64":7,"65":7,"66":7,"67":5,"68":6,"69":4,"70":2,"71":2,"72":2,"73":2,"74":2,"75":1,"76":1,"77":10,"78":10,"79":8,"80":6,"81":0,"82":0,"83":0,"84":0,"85":0,"86":0,"87":0,"88":0,"89":0,"90":0,"91":0,"92":0,"93":0,"94":0,"95":0,"96":0,"97":0,"98":0,"99":0,"100":9,"101":4},"b":{"1":[15,12],"2":[9,6],"3":[8,6],"4":[1,6],"5":[9,6],"6":[5,4],"7":[5,0],"8":[0,5],"9":[5,0],"10":[3,2],"11":[0,2],"12":[1,6],"13":[5,2],"14":[2,2],"15":[2,0],"16":[8,2],"17":[0,6],"18":[0,0],"19":[0,0]},"f":{"1":3,"2":27,"3":7,"4":15,"5":2,"6":7,"7":7,"8":10,"9":0,"10":0,"11":9,"12":4},"fnMap":{"1":{"name":"constructor","line":133,"loc":{"start":{"line":133,"column":2},"end":{"line":138,"column":2}}},"2":{"name":"createEvent","line":140,"loc":{"start":{"line":140,"column":2},"end":{"line":207,"column":2}}},"3":{"name":"cancelEvent","line":209,"loc":{"start":{"line":209,"column":2},"end":{"line":218,"column":2}}},"4":{"name":"buyEventTicket","line":220,"loc":{"start":{"line":220,"column":2},"end":{"line":272,"column":2}}},"5":{"name":"markEventAttendance","line":274,"loc":{"start":{"line":274,"column":2},"end":{"line":286,"column":2}}},"6":{"name":"getEventEarnings","line":288,"loc":{"start":{"line":288,"column":2},"end":{"line":304,"column":2}}},"7":{"name":"redeemCancelledEventTicket","line":306,"loc":{"start":{"line":306,"column":2},"end":{"line":330,"column":2}}},"8":{"name":"resellTicket","line":332,"loc":{"start":{"line":332,"column":2},"end":{"line":356,"column":2}}},"9":{"name":"cancelresellTicketOrder","line":358,"loc":{"start":{"line":358,"column":2},"end":{"line":372,"column":2}}},"10":{"name":"buyResellTicket","line":374,"loc":{"start":{"line":374,"column":2},"end":{"line":394,"column":2}}},"11":{"name":"create","line":397,"loc":{"start":{"line":397,"column":2},"end":{"line":412,"column":2}}},"12":{"name":"contractBalance","line":414,"loc":{"start":{"line":414,"column":2},"end":{"line":416,"column":2}}}},"statementMap":{"1":{"start":{"line":134,"column":4},"end":{"line":134,"column":19}},"2":{"start":{"line":135,"column":4},"end":{"line":135,"column":30}},"3":{"start":{"line":136,"column":4},"end":{"line":136,"column":14}},"4":{"start":{"line":137,"column":4},"end":{"line":137,"column":14}},"5":{"start":{"line":152,"column":4},"end":{"line":152,"column":3289}},"6":{"start":{"line":162,"column":4},"end":{"line":162,"column":3645}},"7":{"start":{"line":168,"column":4},"end":{"line":168,"column":14}},"8":{"start":{"line":170,"column":4},"end":{"line":170,"column":43}},"9":{"start":{"line":171,"column":4},"end":{"line":171,"column":36}},"10":{"start":{"line":172,"column":4},"end":{"line":172,"column":50}},"11":{"start":{"line":173,"column":4},"end":{"line":173,"column":57}},"12":{"start":{"line":175,"column":4},"end":{"line":175,"column":4039}},"13":{"start":{"line":176,"column":6},"end":{"line":176,"column":4094}},"14":{"start":{"line":182,"column":6},"end":{"line":182,"column":4279}},"15":{"start":{"line":193,"column":4},"end":{"line":193,"column":4520}},"16":{"start":{"line":210,"column":4},"end":{"line":210,"column":66}},"17":{"start":{"line":211,"column":4},"end":{"line":211,"column":4920}},"18":{"start":{"line":216,"column":4},"end":{"line":216,"column":69}},"19":{"start":{"line":217,"column":4},"end":{"line":217,"column":45}},"20":{"start":{"line":222,"column":4},"end":{"line":222,"column":66}},"21":{"start":{"line":223,"column":4},"end":{"line":223,"column":74}},"22":{"start":{"line":225,"column":4},"end":{"line":225,"column":5560}},"23":{"start":{"line":231,"column":4},"end":{"line":231,"column":5742}},"24":{"start":{"line":235,"column":4},"end":{"line":235,"column":28}},"25":{"start":{"line":236,"column":4},"end":{"line":236,"column":5892}},"26":{"start":{"line":237,"column":6},"end":{"line":237,"column":49}},"27":{"start":{"line":239,"column":4},"end":{"line":239,"column":6004}},"28":{"start":{"line":243,"column":4},"end":{"line":243,"column":26}},"29":{"start":{"line":244,"column":4},"end":{"line":244,"column":6228}},"30":{"start":{"line":245,"column":6},"end":{"line":245,"column":43}},"31":{"start":{"line":246,"column":6},"end":{"line":246,"column":6331}},"32":{"start":{"line":247,"column":10},"end":{"line":247,"column":93}},"33":{"start":{"line":248,"column":10},"end":{"line":248,"column":6509}},"34":{"start":{"line":249,"column":12},"end":{"line":249,"column":63}},"35":{"start":{"line":250,"column":12},"end":{"line":250,"column":29}},"36":{"start":{"line":251,"column":12},"end":{"line":251,"column":59}},"37":{"start":{"line":253,"column":12},"end":{"line":253,"column":60}},"38":{"start":{"line":254,"column":12},"end":{"line":254,"column":56}},"39":{"start":{"line":255,"column":12},"end":{"line":255,"column":56}},"40":{"start":{"line":257,"column":10},"end":{"line":257,"column":60}},"41":{"start":{"line":258,"column":10},"end":{"line":258,"column":6988}},"42":{"start":{"line":263,"column":4},"end":{"line":263,"column":7056}},"43":{"start":{"line":264,"column":6},"end":{"line":264,"column":34}},"44":{"start":{"line":265,"column":6},"end":{"line":265,"column":7141}},"45":{"start":{"line":270,"column":4},"end":{"line":270,"column":65}},"46":{"start":{"line":271,"column":4},"end":{"line":271,"column":45}},"47":{"start":{"line":275,"column":4},"end":{"line":275,"column":66}},"48":{"start":{"line":276,"column":4},"end":{"line":276,"column":94}},"49":{"start":{"line":277,"column":4},"end":{"line":277,"column":7655}},"50":{"start":{"line":283,"column":4},"end":{"line":283,"column":35}},"51":{"start":{"line":284,"column":4},"end":{"line":284,"column":45}},"52":{"start":{"line":285,"column":4},"end":{"line":285,"column":80}},"53":{"start":{"line":289,"column":4},"end":{"line":289,"column":66}},"54":{"start":{"line":290,"column":4},"end":{"line":290,"column":74}},"55":{"start":{"line":291,"column":4},"end":{"line":291,"column":8343}},"56":{"start":{"line":297,"column":4},"end":{"line":297,"column":28}},"57":{"start":{"line":298,"column":4},"end":{"line":298,"column":8671}},"58":{"start":{"line":299,"column":6},"end":{"line":299,"column":74}},"59":{"start":{"line":301,"column":4},"end":{"line":301,"column":47}},"60":{"start":{"line":302,"column":4},"end":{"line":302,"column":41}},"61":{"start":{"line":303,"column":4},"end":{"line":303,"column":45}},"62":{"start":{"line":307,"column":4},"end":{"line":307,"column":66}},"63":{"start":{"line":308,"column":4},"end":{"line":308,"column":74}},"64":{"start":{"line":309,"column":4},"end":{"line":309,"column":32}},"65":{"start":{"line":310,"column":4},"end":{"line":310,"column":28}},"66":{"start":{"line":311,"column":4},"end":{"line":311,"column":9270}},"67":{"start":{"line":314,"column":4},"end":{"line":314,"column":9369}},"68":{"start":{"line":315,"column":6},"end":{"line":315,"column":100}},"69":{"start":{"line":316,"column":6},"end":{"line":316,"column":9522}},"70":{"start":{"line":319,"column":6},"end":{"line":319,"column":9618}},"71":{"start":{"line":320,"column":8},"end":{"line":320,"column":49}},"72":{"start":{"line":321,"column":8},"end":{"line":321,"column":9729}},"73":{"start":{"line":322,"column":10},"end":{"line":322,"column":51}},"74":{"start":{"line":326,"column":6},"end":{"line":326,"column":86}},"75":{"start":{"line":328,"column":4},"end":{"line":328,"column":50}},"76":{"start":{"line":329,"column":4},"end":{"line":329,"column":38}},"77":{"start":{"line":333,"column":4},"end":{"line":333,"column":66}},"78":{"start":{"line":334,"column":4},"end":{"line":334,"column":10218}},"79":{"start":{"line":337,"column":4},"end":{"line":337,"column":94}},"80":{"start":{"line":339,"column":4},"end":{"line":339,"column":10401}},"81":{"start":{"line":346,"column":4},"end":{"line":346,"column":15}},"82":{"start":{"line":347,"column":4},"end":{"line":347,"column":10663}},"83":{"start":{"line":355,"column":4},"end":{"line":355,"column":106}},"84":{"start":{"line":359,"column":4},"end":{"line":359,"column":66}},"85":{"start":{"line":360,"column":4},"end":{"line":360,"column":79}},"86":{"start":{"line":361,"column":4},"end":{"line":361,"column":107}},"87":{"start":{"line":362,"column":4},"end":{"line":362,"column":11249}},"88":{"start":{"line":369,"column":4},"end":{"line":369,"column":40}},"89":{"start":{"line":370,"column":4},"end":{"line":370,"column":119}},"90":{"start":{"line":371,"column":4},"end":{"line":371,"column":45}},"91":{"start":{"line":375,"column":4},"end":{"line":375,"column":66}},"92":{"start":{"line":376,"column":4},"end":{"line":376,"column":79}},"93":{"start":{"line":377,"column":4},"end":{"line":377,"column":107}},"94":{"start":{"line":379,"column":4},"end":{"line":379,"column":12121}},"95":{"start":{"line":389,"column":4},"end":{"line":389,"column":119}},"96":{"start":{"line":390,"column":4},"end":{"line":390,"column":55}},"97":{"start":{"line":391,"column":4},"end":{"line":391,"column":54}},"98":{"start":{"line":392,"column":4},"end":{"line":392,"column":38}},"99":{"start":{"line":393,"column":4},"end":{"line":393,"column":45}},"100":{"start":{"line":398,"column":6},"end":{"line":398,"column":44}},"101":{"start":{"line":415,"column":4},"end":{"line":415,"column":32}}},"branchMap":{"1":{"line":152,"type":"if","locations":[{"start":{"line":152,"column":4},"end":{"line":152,"column":4}},{"start":{"line":152,"column":4},"end":{"line":152,"column":4}}]},"2":{"line":162,"type":"if","locations":[{"start":{"line":162,"column":4},"end":{"line":162,"column":4}},{"start":{"line":162,"column":4},"end":{"line":162,"column":4}}]},"3":{"line":176,"type":"if","locations":[{"start":{"line":176,"column":6},"end":{"line":176,"column":6}},{"start":{"line":176,"column":6},"end":{"line":176,"column":6}}]},"4":{"line":211,"type":"if","locations":[{"start":{"line":211,"column":4},"end":{"line":211,"column":4}},{"start":{"line":211,"column":4},"end":{"line":211,"column":4}}]},"5":{"line":225,"type":"if","locations":[{"start":{"line":225,"column":4},"end":{"line":225,"column":4}},{"start":{"line":225,"column":4},"end":{"line":225,"column":4}}]},"6":{"line":239,"type":"if","locations":[{"start":{"line":239,"column":4},"end":{"line":239,"column":4}},{"start":{"line":239,"column":4},"end":{"line":239,"column":4}}]},"7":{"line":246,"type":"if","locations":[{"start":{"line":246,"column":6},"end":{"line":246,"column":6}},{"start":{"line":246,"column":6},"end":{"line":246,"column":6}}]},"8":{"line":248,"type":"if","locations":[{"start":{"line":248,"column":10},"end":{"line":248,"column":10}},{"start":{"line":248,"column":10},"end":{"line":248,"column":10}}]},"9":{"line":258,"type":"if","locations":[{"start":{"line":258,"column":10},"end":{"line":258,"column":10}},{"start":{"line":258,"column":10},"end":{"line":258,"column":10}}]},"10":{"line":270,"type":"if","locations":[{"start":{"line":270,"column":4},"end":{"line":270,"column":4}},{"start":{"line":270,"column":4},"end":{"line":270,"column":4}}]},"11":{"line":277,"type":"if","locations":[{"start":{"line":277,"column":4},"end":{"line":277,"column":4}},{"start":{"line":277,"column":4},"end":{"line":277,"column":4}}]},"12":{"line":291,"type":"if","locations":[{"start":{"line":291,"column":4},"end":{"line":291,"column":4}},{"start":{"line":291,"column":4},"end":{"line":291,"column":4}}]},"13":{"line":311,"type":"if","locations":[{"start":{"line":311,"column":4},"end":{"line":311,"column":4}},{"start":{"line":311,"column":4},"end":{"line":311,"column":4}}]},"14":{"line":316,"type":"if","locations":[{"start":{"line":316,"column":6},"end":{"line":316,"column":6}},{"start":{"line":316,"column":6},"end":{"line":316,"column":6}}]},"15":{"line":321,"type":"if","locations":[{"start":{"line":321,"column":8},"end":{"line":321,"column":8}},{"start":{"line":321,"column":8},"end":{"line":321,"column":8}}]},"16":{"line":334,"type":"if","locations":[{"start":{"line":334,"column":4},"end":{"line":334,"column":4}},{"start":{"line":334,"column":4},"end":{"line":334,"column":4}}]},"17":{"line":339,"type":"if","locations":[{"start":{"line":339,"column":4},"end":{"line":339,"column":4}},{"start":{"line":339,"column":4},"end":{"line":339,"column":4}}]},"18":{"line":362,"type":"if","locations":[{"start":{"line":362,"column":4},"end":{"line":362,"column":4}},{"start":{"line":362,"column":4},"end":{"line":362,"column":4}}]},"19":{"line":379,"type":"if","locations":[{"start":{"line":379,"column":4},"end":{"line":379,"column":4}},{"start":{"line":379,"column":4},"end":{"line":379,"column":4}}]}}},"contracts/TicketNFT.sol":{"l":{"15":9,"16":9,"20":9,"21":9,"25":10,"26":10,"30":2,"31":2},"path":"/Users/raghukapur/private-projects/EventManagementSystem/contracts/TicketNFT.sol","s":{"1":9,"2":9,"3":9,"4":9,"5":10,"6":10,"7":2,"8":2},"b":{"1":[9,0],"2":[10,0],"3":[2,0]},"f":{"1":9,"2":9,"3":10,"4":2},"fnMap":{"1":{"name":"initialize","line":14,"loc":{"start":{"line":14,"column":4},"end":{"line":17,"column":4}}},"2":{"name":"setController","line":19,"loc":{"start":{"line":19,"column":4},"end":{"line":22,"column":4}}},"3":{"name":"mintTicketNFT","line":24,"loc":{"start":{"line":24,"column":4},"end":{"line":27,"column":4}}},"4":{"name":"burnTicketNFT","line":29,"loc":{"start":{"line":29,"column":4},"end":{"line":32,"column":4}}}},"statementMap":{"1":{"start":{"line":15,"column":8},"end":{"line":15,"column":23}},"2":{"start":{"line":16,"column":8},"end":{"line":16,"column":34}},"3":{"start":{"line":20,"column":8},"end":{"line":20,"column":72}},"4":{"start":{"line":21,"column":8},"end":{"line":21,"column":31}},"5":{"start":{"line":25,"column":8},"end":{"line":25,"column":68}},"6":{"start":{"line":26,"column":8},"end":{"line":26,"column":36}},"7":{"start":{"line":30,"column":8},"end":{"line":30,"column":68}},"8":{"start":{"line":31,"column":8},"end":{"line":31,"column":22}}},"branchMap":{"1":{"line":20,"type":"if","locations":[{"start":{"line":20,"column":8},"end":{"line":20,"column":8}},{"start":{"line":20,"column":8},"end":{"line":20,"column":8}}]},"2":{"line":25,"type":"if","locations":[{"start":{"line":25,"column":8},"end":{"line":25,"column":8}},{"start":{"line":25,"column":8},"end":{"line":25,"column":8}}]},"3":{"line":30,"type":"if","locations":[{"start":{"line":30,"column":8},"end":{"line":30,"column":8}},{"start":{"line":30,"column":8},"end":{"line":30,"column":8}}]}}}}