{
"contracts/EventManagement.sol":{"l":{"135":3,"136":3,"137":3,"138":3,"153":27,"163":15,"169":9,"171":9,"172":9,"173":9,"174":9,"176":9,"177":14,"183":8,"194":3,"211":7,"212":7,"217":1,"218":1,"223":14,"224":14,"226":14,"232":8,"236":8,"237":8,"238":16,"240":8,"244":6,"245":6,"246":7,"247":7,"248":6,"249":6,"250":1,"251":1,"252":1,"254":5,"255":5,"256":5,"258":6,"259":6,"260":6,"264":6,"265":12,"266":12,"271":6,"272":4,"276":3,"277":3,"278":3,"284":1,"285":1,"286":1,"290":7,"291":7,"292":7,"298":1,"299":1,"300":2,"302":1,"303":1,"304":1,"308":7,"309":7,"310":7,"311":7,"312":7,"315":5,"316":6,"317":4,"320":2,"321":2,"322":2,"323":2,"324":2,"327":2,"329":1,"330":1,"334":12,"335":12,"338":10,"340":8,"347":2,"348":2,"357":2,"361":5,"362":5,"364":3,"365":3,"366":3,"372":1,"373":1,"374":1,"378":5,"379":5,"386":1,"387":1,"388":1,"392":7,"393":7,"396":5,"397":5,"399":5,"408":1,"409":1,"410":1,"415":9,"416":9,"432":4},"path":"/Users/raghukapur/private-projects/EventManagementSystem/contracts/EventManagement.sol","s":{"1":3,"2":3,"3":3,"4":3,"5":27,"6":15,"7":9,"8":9,"9":9,"10":9,"11":9,"12":9,"13":14,"14":8,"15":3,"16":7,"17":7,"18":1,"19":1,"20":14,"21":14,"22":14,"23":8,"24":8,"25":8,"26":16,"27":8,"28":6,"29":6,"30":7,"31":7,"32":6,"33":6,"34":1,"35":1,"36":1,"37":5,"38":5,"39":5,"40":6,"41":6,"42":6,"43":12,"44":12,"45":6,"46":4,"47":3,"48":3,"49":3,"50":1,"51":1,"52":1,"53":7,"54":7,"55":7,"56":1,"57":1,"58":2,"59":1,"60":1,"61":1,"62":7,"63":7,"64":7,"65":7,"66":7,"67":5,"68":6,"69":4,"70":2,"71":2,"72":2,"73":2,"74":2,"75":1,"76":1,"77":12,"78":12,"79":10,"80":8,"81":2,"82":2,"83":2,"84":5,"85":5,"86":3,"87":3,"88":3,"89":1,"90":1,"91":1,"92":5,"93":5,"94":1,"95":1,"96":1,"97":7,"98":7,"99":5,"100":5,"101":5,"102":1,"103":1,"104":1,"105":9,"106":4},"b":{"1":[15,12],"2":[9,6],"3":[8,6],"4":[1,6],"5":[8,6],"6":[6,2],"7":[6,1],"8":[1,5],"9":[6,0],"10":[4,2],"11":[1,2],"12":[1,6],"13":[5,2],"14":[2,2],"15":[2,0],"16":[10,2],"17":[2,6],"18":[3,2],"19":[1,2],"20":[1,4],"21":[5,2],"22":[1,4]},"f":{"1":3,"2":27,"3":7,"4":14,"5":3,"6":7,"7":7,"8":12,"9":5,"10":5,"11":7,"12":9,"13":4},"fnMap":{"1":{"name":"constructor","line":134,"loc":{"start":{"line":134,"column":2},"end":{"line":139,"column":2}}},"2":{"name":"createEvent","line":141,"loc":{"start":{"line":141,"column":2},"end":{"line":208,"column":2}}},"3":{"name":"cancelEvent","line":210,"loc":{"start":{"line":210,"column":2},"end":{"line":219,"column":2}}},"4":{"name":"buyEventTicket","line":221,"loc":{"start":{"line":221,"column":2},"end":{"line":273,"column":2}}},"5":{"name":"markEventAttendance","line":275,"loc":{"start":{"line":275,"column":2},"end":{"line":287,"column":2}}},"6":{"name":"getEventEarnings","line":289,"loc":{"start":{"line":289,"column":2},"end":{"line":305,"column":2}}},"7":{"name":"redeemCancelledEventTicket","line":307,"loc":{"start":{"line":307,"column":2},"end":{"line":331,"column":2}}},"8":{"name":"resellTicket","line":333,"loc":{"start":{"line":333,"column":2},"end":{"line":358,"column":2}}},"9":{"name":"cancelresellTicketOrder","line":360,"loc":{"start":{"line":360,"column":2},"end":{"line":375,"column":2}}},"10":{"name":"pullResellTicketAmount","line":377,"loc":{"start":{"line":377,"column":2},"end":{"line":389,"column":2}}},"11":{"name":"buyResellTicket","line":391,"loc":{"start":{"line":391,"column":2},"end":{"line":411,"column":2}}},"12":{"name":"create","line":414,"loc":{"start":{"line":414,"column":2},"end":{"line":429,"column":2}}},"13":{"name":"contractBalance","line":431,"loc":{"start":{"line":431,"column":2},"end":{"line":433,"column":2}}}},"statementMap":{"1":{"start":{"line":135,"column":4},"end":{"line":135,"column":19}},"2":{"start":{"line":136,"column":4},"end":{"line":136,"column":30}},"3":{"start":{"line":137,"column":4},"end":{"line":137,"column":14}},"4":{"start":{"line":138,"column":4},"end":{"line":138,"column":14}},"5":{"start":{"line":153,"column":4},"end":{"line":153,"column":3311}},"6":{"start":{"line":163,"column":4},"end":{"line":163,"column":3639}},"7":{"start":{"line":169,"column":4},"end":{"line":169,"column":14}},"8":{"start":{"line":171,"column":4},"end":{"line":171,"column":43}},"9":{"start":{"line":172,"column":4},"end":{"line":172,"column":36}},"10":{"start":{"line":173,"column":4},"end":{"line":173,"column":50}},"11":{"start":{"line":174,"column":4},"end":{"line":174,"column":57}},"12":{"start":{"line":176,"column":4},"end":{"line":176,"column":4033}},"13":{"start":{"line":177,"column":6},"end":{"line":177,"column":4088}},"14":{"start":{"line":183,"column":6},"end":{"line":183,"column":4273}},"15":{"start":{"line":194,"column":4},"end":{"line":194,"column":4514}},"16":{"start":{"line":211,"column":4},"end":{"line":211,"column":66}},"17":{"start":{"line":212,"column":4},"end":{"line":212,"column":4950}},"18":{"start":{"line":217,"column":4},"end":{"line":217,"column":69}},"19":{"start":{"line":218,"column":4},"end":{"line":218,"column":45}},"20":{"start":{"line":223,"column":4},"end":{"line":223,"column":66}},"21":{"start":{"line":224,"column":4},"end":{"line":224,"column":74}},"22":{"start":{"line":226,"column":4},"end":{"line":226,"column":5590}},"23":{"start":{"line":232,"column":4},"end":{"line":232,"column":5772}},"24":{"start":{"line":236,"column":4},"end":{"line":236,"column":28}},"25":{"start":{"line":237,"column":4},"end":{"line":237,"column":5922}},"26":{"start":{"line":238,"column":6},"end":{"line":238,"column":49}},"27":{"start":{"line":240,"column":4},"end":{"line":240,"column":6034}},"28":{"start":{"line":244,"column":4},"end":{"line":244,"column":26}},"29":{"start":{"line":245,"column":4},"end":{"line":245,"column":6258}},"30":{"start":{"line":246,"column":6},"end":{"line":246,"column":43}},"31":{"start":{"line":247,"column":6},"end":{"line":247,"column":6361}},"32":{"start":{"line":248,"column":10},"end":{"line":248,"column":93}},"33":{"start":{"line":249,"column":10},"end":{"line":249,"column":6539}},"34":{"start":{"line":250,"column":12},"end":{"line":250,"column":63}},"35":{"start":{"line":251,"column":12},"end":{"line":251,"column":29}},"36":{"start":{"line":252,"column":12},"end":{"line":252,"column":59}},"37":{"start":{"line":254,"column":12},"end":{"line":254,"column":60}},"38":{"start":{"line":255,"column":12},"end":{"line":255,"column":56}},"39":{"start":{"line":256,"column":12},"end":{"line":256,"column":56}},"40":{"start":{"line":258,"column":10},"end":{"line":258,"column":60}},"41":{"start":{"line":259,"column":10},"end":{"line":259,"column":7018}},"42":{"start":{"line":264,"column":4},"end":{"line":264,"column":7086}},"43":{"start":{"line":265,"column":6},"end":{"line":265,"column":34}},"44":{"start":{"line":266,"column":6},"end":{"line":266,"column":7171}},"45":{"start":{"line":271,"column":4},"end":{"line":271,"column":65}},"46":{"start":{"line":272,"column":4},"end":{"line":272,"column":45}},"47":{"start":{"line":276,"column":4},"end":{"line":276,"column":66}},"48":{"start":{"line":277,"column":4},"end":{"line":277,"column":94}},"49":{"start":{"line":278,"column":4},"end":{"line":278,"column":7685}},"50":{"start":{"line":284,"column":4},"end":{"line":284,"column":35}},"51":{"start":{"line":285,"column":4},"end":{"line":285,"column":45}},"52":{"start":{"line":286,"column":4},"end":{"line":286,"column":80}},"53":{"start":{"line":290,"column":4},"end":{"line":290,"column":66}},"54":{"start":{"line":291,"column":4},"end":{"line":291,"column":74}},"55":{"start":{"line":292,"column":4},"end":{"line":292,"column":8373}},"56":{"start":{"line":298,"column":4},"end":{"line":298,"column":28}},"57":{"start":{"line":299,"column":4},"end":{"line":299,"column":8701}},"58":{"start":{"line":300,"column":6},"end":{"line":300,"column":74}},"59":{"start":{"line":302,"column":4},"end":{"line":302,"column":47}},"60":{"start":{"line":303,"column":4},"end":{"line":303,"column":41}},"61":{"start":{"line":304,"column":4},"end":{"line":304,"column":45}},"62":{"start":{"line":308,"column":4},"end":{"line":308,"column":66}},"63":{"start":{"line":309,"column":4},"end":{"line":309,"column":74}},"64":{"start":{"line":310,"column":4},"end":{"line":310,"column":32}},"65":{"start":{"line":311,"column":4},"end":{"line":311,"column":28}},"66":{"start":{"line":312,"column":4},"end":{"line":312,"column":9300}},"67":{"start":{"line":315,"column":4},"end":{"line":315,"column":9399}},"68":{"start":{"line":316,"column":6},"end":{"line":316,"column":100}},"69":{"start":{"line":317,"column":6},"end":{"line":317,"column":9552}},"70":{"start":{"line":320,"column":6},"end":{"line":320,"column":9648}},"71":{"start":{"line":321,"column":8},"end":{"line":321,"column":49}},"72":{"start":{"line":322,"column":8},"end":{"line":322,"column":9759}},"73":{"start":{"line":323,"column":10},"end":{"line":323,"column":51}},"74":{"start":{"line":327,"column":6},"end":{"line":327,"column":86}},"75":{"start":{"line":329,"column":4},"end":{"line":329,"column":50}},"76":{"start":{"line":330,"column":4},"end":{"line":330,"column":38}},"77":{"start":{"line":334,"column":4},"end":{"line":334,"column":66}},"78":{"start":{"line":335,"column":4},"end":{"line":335,"column":10240}},"79":{"start":{"line":338,"column":4},"end":{"line":338,"column":94}},"80":{"start":{"line":340,"column":4},"end":{"line":340,"column":10423}},"81":{"start":{"line":347,"column":4},"end":{"line":347,"column":15}},"82":{"start":{"line":348,"column":4},"end":{"line":348,"column":10682}},"83":{"start":{"line":357,"column":4},"end":{"line":357,"column":106}},"84":{"start":{"line":361,"column":4},"end":{"line":361,"column":66}},"85":{"start":{"line":362,"column":4},"end":{"line":362,"column":11153}},"86":{"start":{"line":364,"column":4},"end":{"line":364,"column":79}},"87":{"start":{"line":365,"column":4},"end":{"line":365,"column":107}},"88":{"start":{"line":366,"column":4},"end":{"line":366,"column":11363}},"89":{"start":{"line":372,"column":4},"end":{"line":372,"column":40}},"90":{"start":{"line":373,"column":4},"end":{"line":373,"column":119}},"91":{"start":{"line":374,"column":4},"end":{"line":374,"column":45}},"92":{"start":{"line":378,"column":4},"end":{"line":378,"column":66}},"93":{"start":{"line":379,"column":4},"end":{"line":379,"column":11994}},"94":{"start":{"line":386,"column":4},"end":{"line":386,"column":54}},"95":{"start":{"line":387,"column":4},"end":{"line":387,"column":35}},"96":{"start":{"line":388,"column":4},"end":{"line":388,"column":45}},"97":{"start":{"line":392,"column":4},"end":{"line":392,"column":66}},"98":{"start":{"line":393,"column":4},"end":{"line":393,"column":12541}},"99":{"start":{"line":396,"column":4},"end":{"line":396,"column":79}},"100":{"start":{"line":397,"column":4},"end":{"line":397,"column":107}},"101":{"start":{"line":399,"column":4},"end":{"line":399,"column":12823}},"102":{"start":{"line":408,"column":4},"end":{"line":408,"column":119}},"103":{"start":{"line":409,"column":4},"end":{"line":409,"column":38}},"104":{"start":{"line":410,"column":4},"end":{"line":410,"column":45}},"105":{"start":{"line":415,"column":6},"end":{"line":415,"column":44}},"106":{"start":{"line":432,"column":4},"end":{"line":432,"column":32}}},"branchMap":{"1":{"line":153,"type":"if","locations":[{"start":{"line":153,"column":4},"end":{"line":153,"column":4}},{"start":{"line":153,"column":4},"end":{"line":153,"column":4}}]},"2":{"line":163,"type":"if","locations":[{"start":{"line":163,"column":4},"end":{"line":163,"column":4}},{"start":{"line":163,"column":4},"end":{"line":163,"column":4}}]},"3":{"line":177,"type":"if","locations":[{"start":{"line":177,"column":6},"end":{"line":177,"column":6}},{"start":{"line":177,"column":6},"end":{"line":177,"column":6}}]},"4":{"line":212,"type":"if","locations":[{"start":{"line":212,"column":4},"end":{"line":212,"column":4}},{"start":{"line":212,"column":4},"end":{"line":212,"column":4}}]},"5":{"line":226,"type":"if","locations":[{"start":{"line":226,"column":4},"end":{"line":226,"column":4}},{"start":{"line":226,"column":4},"end":{"line":226,"column":4}}]},"6":{"line":240,"type":"if","locations":[{"start":{"line":240,"column":4},"end":{"line":240,"column":4}},{"start":{"line":240,"column":4},"end":{"line":240,"column":4}}]},"7":{"line":247,"type":"if","locations":[{"start":{"line":247,"column":6},"end":{"line":247,"column":6}},{"start":{"line":247,"column":6},"end":{"line":247,"column":6}}]},"8":{"line":249,"type":"if","locations":[{"start":{"line":249,"column":10},"end":{"line":249,"column":10}},{"start":{"line":249,"column":10},"end":{"line":249,"column":10}}]},"9":{"line":259,"type":"if","locations":[{"start":{"line":259,"column":10},"end":{"line":259,"column":10}},{"start":{"line":259,"column":10},"end":{"line":259,"column":10}}]},"10":{"line":271,"type":"if","locations":[{"start":{"line":271,"column":4},"end":{"line":271,"column":4}},{"start":{"line":271,"column":4},"end":{"line":271,"column":4}}]},"11":{"line":278,"type":"if","locations":[{"start":{"line":278,"column":4},"end":{"line":278,"column":4}},{"start":{"line":278,"column":4},"end":{"line":278,"column":4}}]},"12":{"line":292,"type":"if","locations":[{"start":{"line":292,"column":4},"end":{"line":292,"column":4}},{"start":{"line":292,"column":4},"end":{"line":292,"column":4}}]},"13":{"line":312,"type":"if","locations":[{"start":{"line":312,"column":4},"end":{"line":312,"column":4}},{"start":{"line":312,"column":4},"end":{"line":312,"column":4}}]},"14":{"line":317,"type":"if","locations":[{"start":{"line":317,"column":6},"end":{"line":317,"column":6}},{"start":{"line":317,"column":6},"end":{"line":317,"column":6}}]},"15":{"line":322,"type":"if","locations":[{"start":{"line":322,"column":8},"end":{"line":322,"column":8}},{"start":{"line":322,"column":8},"end":{"line":322,"column":8}}]},"16":{"line":335,"type":"if","locations":[{"start":{"line":335,"column":4},"end":{"line":335,"column":4}},{"start":{"line":335,"column":4},"end":{"line":335,"column":4}}]},"17":{"line":340,"type":"if","locations":[{"start":{"line":340,"column":4},"end":{"line":340,"column":4}},{"start":{"line":340,"column":4},"end":{"line":340,"column":4}}]},"18":{"line":362,"type":"if","locations":[{"start":{"line":362,"column":4},"end":{"line":362,"column":4}},{"start":{"line":362,"column":4},"end":{"line":362,"column":4}}]},"19":{"line":366,"type":"if","locations":[{"start":{"line":366,"column":4},"end":{"line":366,"column":4}},{"start":{"line":366,"column":4},"end":{"line":366,"column":4}}]},"20":{"line":379,"type":"if","locations":[{"start":{"line":379,"column":4},"end":{"line":379,"column":4}},{"start":{"line":379,"column":4},"end":{"line":379,"column":4}}]},"21":{"line":393,"type":"if","locations":[{"start":{"line":393,"column":4},"end":{"line":393,"column":4}},{"start":{"line":393,"column":4},"end":{"line":393,"column":4}}]},"22":{"line":399,"type":"if","locations":[{"start":{"line":399,"column":4},"end":{"line":399,"column":4}},{"start":{"line":399,"column":4},"end":{"line":399,"column":4}}]}}},
"contracts/TicketNFT.sol":{"l":{"15":9,"16":9,"20":9,"21":9,"25":12,"26":12,"30":3,"31":3},"path":"/Users/raghukapur/private-projects/EventManagementSystem/contracts/TicketNFT.sol","s":{"1":9,"2":9,"3":9,"4":9,"5":12,"6":12,"7":3,"8":3},"b":{"1":[9,0],"2":[12,0],"3":[3,0]},"f":{"1":9,"2":9,"3":12,"4":3},"fnMap":{"1":{"name":"initialize","line":14,"loc":{"start":{"line":14,"column":4},"end":{"line":17,"column":4}}},"2":{"name":"setController","line":19,"loc":{"start":{"line":19,"column":4},"end":{"line":22,"column":4}}},"3":{"name":"mintTicketNFT","line":24,"loc":{"start":{"line":24,"column":4},"end":{"line":27,"column":4}}},"4":{"name":"burnTicketNFT","line":29,"loc":{"start":{"line":29,"column":4},"end":{"line":32,"column":4}}}},"statementMap":{"1":{"start":{"line":15,"column":8},"end":{"line":15,"column":23}},"2":{"start":{"line":16,"column":8},"end":{"line":16,"column":34}},"3":{"start":{"line":20,"column":8},"end":{"line":20,"column":72}},"4":{"start":{"line":21,"column":8},"end":{"line":21,"column":31}},"5":{"start":{"line":25,"column":8},"end":{"line":25,"column":68}},"6":{"start":{"line":26,"column":8},"end":{"line":26,"column":36}},"7":{"start":{"line":30,"column":8},"end":{"line":30,"column":68}},"8":{"start":{"line":31,"column":8},"end":{"line":31,"column":22}}},"branchMap":{"1":{"line":20,"type":"if","locations":[{"start":{"line":20,"column":8},"end":{"line":20,"column":8}},{"start":{"line":20,"column":8},"end":{"line":20,"column":8}}]},"2":{"line":25,"type":"if","locations":[{"start":{"line":25,"column":8},"end":{"line":25,"column":8}},{"start":{"line":25,"column":8},"end":{"line":25,"column":8}}]},"3":{"line":30,"type":"if","locations":[{"start":{"line":30,"column":8},"end":{"line":30,"column":8}},{"start":{"line":30,"column":8},"end":{"line":30,"column":8}}]}}}}
