TN:
SF:/Users/raghukapur/private-projects/EventManagementSystem/contracts/EventManagement.sol
FN:134,constructor
FN:141,createEvent
FN:210,cancelEvent
FN:221,buyEventTicket
FN:275,markEventAttendance
FN:289,getEventEarnings
FN:307,redeemCancelledEventTicket
FN:333,resellTicket
FN:360,cancelresellTicketOrder
FN:377,pullResellTicketAmount
FN:391,buyResellTicket
FN:414,create
FN:431,contractBalance
FNF:13
FNH:13
FNDA:3,constructor
FNDA:27,createEvent
FNDA:7,cancelEvent
FNDA:14,buyEventTicket
FNDA:3,markEventAttendance
FNDA:7,getEventEarnings
FNDA:7,redeemCancelledEventTicket
FNDA:12,resellTicket
FNDA:5,cancelresellTicketOrder
FNDA:5,pullResellTicketAmount
FNDA:7,buyResellTicket
FNDA:9,create
FNDA:4,contractBalance
DA:135,3
DA:136,3
DA:137,3
DA:138,3
DA:153,27
DA:163,15
DA:169,9
DA:171,9
DA:172,9
DA:173,9
DA:174,9
DA:176,9
DA:177,14
DA:183,8
DA:194,3
DA:211,7
DA:212,7
DA:217,1
DA:218,1
DA:223,14
DA:224,14
DA:226,14
DA:232,8
DA:236,8
DA:237,8
DA:238,16
DA:240,8
DA:244,6
DA:245,6
DA:246,7
DA:247,7
DA:248,6
DA:249,6
DA:250,1
DA:251,1
DA:252,1
DA:254,5
DA:255,5
DA:256,5
DA:258,6
DA:259,6
DA:260,6
DA:264,6
DA:265,12
DA:266,12
DA:271,6
DA:272,4
DA:276,3
DA:277,3
DA:278,3
DA:284,1
DA:285,1
DA:286,1
DA:290,7
DA:291,7
DA:292,7
DA:298,1
DA:299,1
DA:300,2
DA:302,1
DA:303,1
DA:304,1
DA:308,7
DA:309,7
DA:310,7
DA:311,7
DA:312,7
DA:315,5
DA:316,6
DA:317,4
DA:320,2
DA:321,2
DA:322,2
DA:323,2
DA:324,2
DA:327,2
DA:329,1
DA:330,1
DA:334,12
DA:335,12
DA:338,10
DA:340,8
DA:347,2
DA:348,2
DA:357,2
DA:361,5
DA:362,5
DA:364,3
DA:365,3
DA:366,3
DA:372,1
DA:373,1
DA:374,1
DA:378,5
DA:379,5
DA:386,1
DA:387,1
DA:388,1
DA:392,7
DA:393,7
DA:396,5
DA:397,5
DA:399,5
DA:408,1
DA:409,1
DA:410,1
DA:415,9
DA:416,9
DA:432,4
LF:109
LH:109
BRDA:153,1,0,15
BRDA:153,1,1,12
BRDA:163,2,0,9
BRDA:163,2,1,6
BRDA:177,3,0,8
BRDA:177,3,1,6
BRDA:212,4,0,1
BRDA:212,4,1,6
BRDA:226,5,0,8
BRDA:226,5,1,6
BRDA:240,6,0,6
BRDA:240,6,1,2
BRDA:247,7,0,6
BRDA:247,7,1,1
BRDA:249,8,0,1
BRDA:249,8,1,5
BRDA:259,9,0,6
BRDA:259,9,1,0
BRDA:271,10,0,4
BRDA:271,10,1,2
BRDA:278,11,0,1
BRDA:278,11,1,2
BRDA:292,12,0,1
BRDA:292,12,1,6
BRDA:312,13,0,5
BRDA:312,13,1,2
BRDA:317,14,0,2
BRDA:317,14,1,2
BRDA:322,15,0,2
BRDA:322,15,1,0
BRDA:335,16,0,10
BRDA:335,16,1,2
BRDA:340,17,0,2
BRDA:340,17,1,6
BRDA:362,18,0,3
BRDA:362,18,1,2
BRDA:366,19,0,1
BRDA:366,19,1,2
BRDA:379,20,0,1
BRDA:379,20,1,4
BRDA:393,21,0,5
BRDA:393,21,1,2
BRDA:399,22,0,1
BRDA:399,22,1,4
BRF:44
BRH:42
end_of_record
TN:
SF:/Users/raghukapur/private-projects/EventManagementSystem/contracts/TicketNFT.sol
FN:14,initialize
FN:19,setController
FN:24,mintTicketNFT
FN:29,burnTicketNFT
FNF:4
FNH:4
FNDA:9,initialize
FNDA:9,setController
FNDA:12,mintTicketNFT
FNDA:3,burnTicketNFT
DA:15,9
DA:16,9
DA:20,9
DA:21,9
DA:25,12
DA:26,12
DA:30,3
DA:31,3
LF:8
LH:8
BRDA:20,1,0,9
BRDA:20,1,1,0
BRDA:25,2,0,12
BRDA:25,2,1,0
BRDA:30,3,0,3
BRDA:30,3,1,0
BRF:6
BRH:3
end_of_record
