TN:
SF:/Users/raghukapur/private-projects/EventManagementSystem/contracts/EventManagement.sol
FN:133,constructor
FN:140,createEvent
FN:209,cancelEvent
FN:220,buyEventTicket
FN:274,markEventAttendance
FN:288,getEventEarnings
FN:306,redeemCancelledEventTicket
FN:332,resellTicket
FN:358,cancelresellTicketOrder
FN:374,buyResellTicket
FN:397,create
FN:414,contractBalance
FNF:12
FNH:10
FNDA:3,constructor
FNDA:27,createEvent
FNDA:7,cancelEvent
FNDA:15,buyEventTicket
FNDA:2,markEventAttendance
FNDA:7,getEventEarnings
FNDA:7,redeemCancelledEventTicket
FNDA:10,resellTicket
FNDA:0,cancelresellTicketOrder
FNDA:0,buyResellTicket
FNDA:9,create
FNDA:4,contractBalance
DA:134,3
DA:135,3
DA:136,3
DA:137,3
DA:152,27
DA:162,15
DA:168,9
DA:170,9
DA:171,9
DA:172,9
DA:173,9
DA:175,9
DA:176,14
DA:182,8
DA:193,3
DA:210,7
DA:211,7
DA:216,1
DA:217,1
DA:222,15
DA:223,15
DA:225,15
DA:231,9
DA:235,9
DA:236,9
DA:237,18
DA:239,9
DA:243,5
DA:244,5
DA:245,5
DA:246,5
DA:247,5
DA:248,5
DA:249,0
DA:250,0
DA:251,0
DA:253,5
DA:254,5
DA:255,5
DA:257,5
DA:258,5
DA:259,5
DA:263,5
DA:264,10
DA:265,10
DA:270,5
DA:271,3
DA:275,2
DA:276,2
DA:277,2
DA:283,0
DA:284,0
DA:285,0
DA:289,7
DA:290,7
DA:291,7
DA:297,1
DA:298,1
DA:299,2
DA:301,1
DA:302,1
DA:303,1
DA:307,7
DA:308,7
DA:309,7
DA:310,7
DA:311,7
DA:314,5
DA:315,6
DA:316,4
DA:319,2
DA:320,2
DA:321,2
DA:322,2
DA:323,2
DA:326,2
DA:328,1
DA:329,1
DA:333,10
DA:334,10
DA:337,8
DA:339,6
DA:346,0
DA:347,0
DA:355,0
DA:359,0
DA:360,0
DA:361,0
DA:362,0
DA:369,0
DA:370,0
DA:371,0
DA:375,0
DA:376,0
DA:377,0
DA:379,0
DA:389,0
DA:390,0
DA:391,0
DA:392,0
DA:393,0
DA:398,9
DA:399,9
DA:415,4
LF:104
LH:79
BRDA:152,1,0,15
BRDA:152,1,1,12
BRDA:162,2,0,9
BRDA:162,2,1,6
BRDA:176,3,0,8
BRDA:176,3,1,6
BRDA:211,4,0,1
BRDA:211,4,1,6
BRDA:225,5,0,9
BRDA:225,5,1,6
BRDA:239,6,0,5
BRDA:239,6,1,4
BRDA:246,7,0,5
BRDA:246,7,1,0
BRDA:248,8,0,0
BRDA:248,8,1,5
BRDA:258,9,0,5
BRDA:258,9,1,0
BRDA:270,10,0,3
BRDA:270,10,1,2
BRDA:277,11,0,0
BRDA:277,11,1,2
BRDA:291,12,0,1
BRDA:291,12,1,6
BRDA:311,13,0,5
BRDA:311,13,1,2
BRDA:316,14,0,2
BRDA:316,14,1,2
BRDA:321,15,0,2
BRDA:321,15,1,0
BRDA:334,16,0,8
BRDA:334,16,1,2
BRDA:339,17,0,0
BRDA:339,17,1,6
BRDA:362,18,0,0
BRDA:362,18,1,0
BRDA:379,19,0,0
BRDA:379,19,1,0
BRF:38
BRH:28
end_of_record
TN:
SF:/Users/raghukapur/private-projects/EventManagementSystem/contracts/TicketNFT.sol
FN:14,initialize
FN:19,setController
FN:24,mintTicketNFT
FN:29,burnTicketNFT
FNF:4
FNH:4
FNDA:9,initialize
FNDA:9,setController
FNDA:10,mintTicketNFT
FNDA:2,burnTicketNFT
DA:15,9
DA:16,9
DA:20,9
DA:21,9
DA:25,10
DA:26,10
DA:30,2
DA:31,2
LF:8
LH:8
BRDA:20,1,0,9
BRDA:20,1,1,0
BRDA:25,2,0,10
BRDA:25,2,1,0
BRDA:30,3,0,2
BRDA:30,3,1,0
BRF:6
BRH:3
end_of_record
